<?xml version="1.0" encoding="UTF-8"?>
<!-- Generated by org.testng.reporters.JUnitReportReporter -->
<testsuite hostname="DESKTOP-6PF4101" failures="0" tests="5" name="com.webtest1.webtest1.NewTest2" time="5.558" errors="0" timestamp="2021-09-29T15:12:19 IST" skipped="0">
  <testcase classname="com.webtest1.webtest1.NewTest2" name="test22" time="0.065"/>
  <system-out/>
  <testcase classname="com.webtest1.webtest1.NewTest2" name="test25" time="0.016"/>
  <system-out/>
  <testcase classname="com.webtest1.webtest1.NewTest2" name="test23" time="1.703"/>
  <system-out/>
  <testcase classname="com.webtest1.webtest1.NewTest2" name="test24" time="1.860"/>
  <system-out/>
  <testcase classname="com.webtest1.webtest1.NewTest2" name="test11" time="1.914"/>
  <system-out/>
</testsuite> <!-- com.webtest1.webtest1.NewTest2 -->
