<?xml version="1.0" encoding="UTF-8"?>
<!-- Generated by org.testng.reporters.JUnitReportReporter -->
<testsuite hostname="DESKTOP-6PF4101" failures="0" tests="3" name="com.webtest1.webtest1.NewTest" time="4.785" errors="0" timestamp="2021-09-24T22:16:36 IST" skipped="0">
  <testcase classname="com.webtest1.webtest1.NewTest" name="test3" time="1.408"/>
  <system-out/>
  <testcase classname="com.webtest1.webtest1.NewTest" name="test2" time="1.650"/>
  <system-out/>
  <testcase classname="com.webtest1.webtest1.NewTest" name="test1" time="1.727"/>
  <system-out/>
</testsuite> <!-- com.webtest1.webtest1.NewTest -->
