<?xml version="1.0" encoding="UTF-8"?>
<!-- Generated by org.testng.reporters.JUnitReportReporter -->
<testsuite hostname="DESKTOP-6PF4101" failures="0" tests="5" name="com.webtest1.webtest1.NewTest2" time="6.085" errors="0" timestamp="2021-09-29T15:15:33 IST" skipped="0">
  <testcase classname="com.webtest1.webtest1.NewTest2" name="test11" time="2.342"/>
  <system-out/>
  <testcase classname="com.webtest1.webtest1.NewTest2" name="test22" time="0.052"/>
  <system-out/>
  <testcase classname="com.webtest1.webtest1.NewTest2" name="test24" time="2.110"/>
  <system-out/>
  <testcase classname="com.webtest1.webtest1.NewTest2" name="test25" time="0.015"/>
  <system-out/>
  <testcase classname="com.webtest1.webtest1.NewTest2" name="test23" time="1.566"/>
  <system-out/>
</testsuite> <!-- com.webtest1.webtest1.NewTest2 -->
