<?xml version="1.0" encoding="UTF-8"?>
<!-- Generated by org.testng.reporters.JUnitReportReporter -->
<testsuite hostname="DESKTOP-6PF4101" failures="0" tests="3" name="com.webtest1.webtest1.NewTest" time="8.840" errors="0" timestamp="2021-09-29T15:15:33 IST" skipped="0">
  <testcase classname="com.webtest1.webtest1.NewTest" name="test3" time="3.146"/>
  <system-out/>
  <testcase classname="com.webtest1.webtest1.NewTest" name="test1" time="2.839"/>
  <system-out/>
  <testcase classname="com.webtest1.webtest1.NewTest" name="test2" time="2.855"/>
  <system-out/>
</testsuite> <!-- com.webtest1.webtest1.NewTest -->
